<?xml version="1.0" encoding="UTF-8"?>
<!-- Generated by org.testng.reporters.JUnitReportReporter -->
<testsuite skipped="0" hostname="LAPTOP-T08AGNAM" name="testScripts.PlaceOrderTest" tests="5" failures="0" timestamp="2023-03-15T18:11:22 IST" time="21.889" errors="0">
  <testcase name="purchaseItems" time="2.879" classname="testScripts.PlaceOrderTest"/>
  <system-out/>
  <testcase name="login" time="3.518" classname="testScripts.PlaceOrderTest"/>
  <system-out/>
  <testcase name="addItems" time="5.339" classname="testScripts.PlaceOrderTest"/>
  <system-out/>
  <testcase name="addItems" time="7.519" classname="testScripts.PlaceOrderTest"/>
  <system-out/>
  <testcase name="deleteItems" time="2.634" classname="testScripts.PlaceOrderTest"/>
  <system-out/>
</testsuite> <!-- testScripts.PlaceOrderTest -->
