<?xml version="1.0" encoding="UTF-8"?>
<!-- Generated by org.testng.reporters.JUnitReportReporter -->
<testsuite skipped="0" hostname="LAPTOP-T08AGNAM" name="testScripts.PlaceOrderTest" tests="5" failures="0" timestamp="2023-03-16T19:12:40 IST" time="18.913" errors="0">
  <testcase name="purchaseItems" time="1.916" classname="testScripts.PlaceOrderTest"/>
  <system-out/>
  <testcase name="login" time="3.931" classname="testScripts.PlaceOrderTest"/>
  <system-out/>
  <testcase name="addItems" time="4.851" classname="testScripts.PlaceOrderTest"/>
  <system-out/>
  <testcase name="addItems" time="2.898" classname="testScripts.PlaceOrderTest"/>
  <system-out/>
  <testcase name="deleteItem" time="5.317" classname="testScripts.PlaceOrderTest"/>
  <system-out/>
</testsuite> <!-- testScripts.PlaceOrderTest -->
