<?xml version="1.0" encoding="UTF-8"?>
<!-- Generated by org.testng.reporters.JUnitReportReporter -->
<testsuite skipped="0" hostname="LAPTOP-T08AGNAM" name="testScripts.PlaceOrderTest" tests="5" failures="0" timestamp="2023-03-16T16:10:18 IST" time="22.481" errors="0">
  <testcase name="purchaseItems" time="3.245" classname="testScripts.PlaceOrderTest"/>
  <system-out/>
  <testcase name="login" time="2.815" classname="testScripts.PlaceOrderTest"/>
  <system-out/>
  <testcase name="addItems" time="5.813" classname="testScripts.PlaceOrderTest"/>
  <system-out/>
  <testcase name="addItems" time="6.585" classname="testScripts.PlaceOrderTest"/>
  <system-out/>
  <testcase name="deleteItem" time="4.023" classname="testScripts.PlaceOrderTest"/>
  <system-out/>
</testsuite> <!-- testScripts.PlaceOrderTest -->
