<?xml version="1.0" encoding="UTF-8"?>
<!-- Generated by org.testng.reporters.JUnitReportReporter -->
<testsuite skipped="0" hostname="LAPTOP-T08AGNAM" name="testScripts.PlaceOrderTest" tests="5" failures="0" timestamp="2023-03-15T14:52:17 IST" time="25.860" errors="0">
  <testcase name="purchaseItems" time="3.414" classname="testScripts.PlaceOrderTest"/>
  <system-out/>
  <testcase name="login" time="4.791" classname="testScripts.PlaceOrderTest"/>
  <system-out/>
  <testcase name="addItems" time="6.997" classname="testScripts.PlaceOrderTest"/>
  <system-out/>
  <testcase name="addItems" time="7.343" classname="testScripts.PlaceOrderTest"/>
  <system-out/>
  <testcase name="deleteItems" time="3.315" classname="testScripts.PlaceOrderTest"/>
  <system-out/>
</testsuite> <!-- testScripts.PlaceOrderTest -->
